[14:21:14] [Logger] File logging aktif: C:\Users\dits\Downloads\sigmacro\sigmacro.log
[14:21:17] [Update] Mengecek versi terbaru...
[14:21:18] [Update] Sudah versi terbaru (v2.0.0)
[14:21:32] ✓ Backup codes disalin
[14:21:42] ✓ Backup codes disalin
[14:21:45] → Backup code diisi
[14:21:48] ✓ Tidak ada incompatible, selesai
[14:21:52] ✓ Backup codes disalin
[14:22:19] → Login clipboard dikirim
[14:22:21] ✓ Backup codes disalin
[14:22:38] → Backup code diisi
[14:22:44] ⚠ Incompatible, retry 1/5
[14:22:48] ✓ Password dipaste
[14:23:09] → Backup code diisi
[14:23:17] ⚠ Incompatible, retry 2/5
[14:23:20] ✓ Password dipaste
[14:23:39] → Backup code diisi
[14:23:46] [Logger] File logging aktif: C:\Users\dits\Downloads\sigmacro\sigmacro.log
[14:23:49] [Update] Mengecek versi terbaru...
[14:23:49] [Update] Sudah versi terbaru (v2.0.0)
[14:28:45] [Logger] File logging aktif: C:\Users\dits\Downloads\sigmacro\sigmacro.log
[14:28:48] [Update] Mengecek versi terbaru...
[14:28:48] [Update] Sudah versi terbaru (v2.0.0)
[14:33:09] ✓ Password dipaste
[14:33:10] ✓ Backup codes disalin
[14:33:30] → Backup code diisi
[14:33:36] ⚠ Incompatible, retry 1/5
[14:33:39] ✓ Password dipaste
[14:33:53] [Logger] File logging aktif: C:\Users\dits\Downloads\sigmacro\sigmacro.log
[14:33:56] [Update] Mengecek versi terbaru...
[14:33:56] [Update] Sudah versi terbaru (v2.0.0)
[14:33:58] ✓ Password dipaste
[14:34:00] ✓ Backup codes disalin
[14:34:19] → Backup code diisi
[14:34:22] ✓ Tidak ada incompatible, selesai
[14:34:59] ✓ Backup codes disalin
[14:35:11] ✓ Password dipaste
[14:35:30] → Backup code diisi
[14:35:36] ⚠ Incompatible, retry 1/5
[14:35:39] ✓ Password dipaste
[14:36:07] → Backup code diisi
[14:36:10] ✓ Tidak ada incompatible, selesai
[14:36:40] ✓ Backup codes disalin
[14:37:21] [Logger] File logging aktif: C:\Users\dits\Downloads\sigmacro\sigmacro.log
[14:37:24] [Logger] File logging aktif: C:\Users\dits\Downloads\sigmacro\sigmacro.log
[14:37:27] [Update] Mengecek versi terbaru...
[14:37:28] [Update] Sudah versi terbaru (v2.0.0)
[14:37:46] ✓ Backup codes disalin
[14:37:59] ✓ Password dipaste
[14:38:18] → Backup code diisi
[14:38:24] ⚠ Incompatible, retry 1/5
[14:38:28] ✓ Password dipaste
[14:38:47] → Backup code diisi
[14:38:53] ⚠ Incompatible, retry 2/5
[14:38:56] ✓ Password dipaste
[14:39:15] → Backup code diisi
[14:39:20] ⚠ Incompatible, retry 3/5
[14:39:24] ✓ Password dipaste
[14:39:44] → Backup code diisi
[14:39:50] ⚠ Incompatible, retry 4/5
[14:39:53] ✓ Password dipaste
[14:40:06] [Logger] File logging aktif: C:\Users\dits\Downloads\sigmacro\sigmacro.log
[14:40:09] [Update] Mengecek versi terbaru...
[14:40:10] [Update] Sudah versi terbaru (v2.0.0)
[14:40:26] [Config] Saved to C:\Users\dits\Downloads\sigmacro\sigmacro.ini
[14:40:26] [Settings] Settings diapply dan disimpan
[14:40:39] ✓ Backup codes disalin
[14:40:42] [Logger] File logging aktif: C:\Users\dits\Downloads\sigmacro\sigmacro.log
[14:40:45] [Update] Mengecek versi terbaru...
[14:40:46] [Update] Sudah versi terbaru (v2.0.0)
[14:44:21] → Login clipboard dikirim
[14:44:23] ✓ Backup codes disalin
[14:44:42] → Backup code diisi
[14:44:49] ⚠ Incompatible, retry 1/20
[14:44:53] ✓ Password dipaste
[14:45:11] → Backup code diisi
[14:45:17] ⚠ Incompatible, retry 2/20
[14:45:21] ✓ Password dipaste
[14:45:40] → Backup code diisi
[14:45:47] ⚠ Incompatible, retry 3/20
[14:45:50] ✓ Password dipaste
[14:46:09] → Backup code diisi
[14:46:16] ⚠ Incompatible, retry 4/20
[14:46:19] ✓ Password dipaste
[14:46:38] → Backup code diisi
[14:46:45] ⚠ Incompatible, retry 5/20
[14:46:48] ✓ Password dipaste
[14:47:08] → Backup code diisi
[14:47:14] ⚠ Incompatible, retry 6/20
[14:47:18] ✓ Password dipaste
[14:47:38] → Backup code diisi
[14:47:44] ⚠ Incompatible, retry 7/20
[14:47:48] ✓ Password dipaste
[14:48:07] → Backup code diisi
[14:48:13] ⚠ Incompatible, retry 8/20
[14:48:16] ✓ Password dipaste
[14:48:36] → Backup code diisi
[14:48:42] ⚠ Incompatible, retry 9/20
[14:48:46] ✓ Password dipaste
[14:49:05] → Backup code diisi
[14:49:11] ⚠ Incompatible, retry 10/20
[14:49:15] ✓ Password dipaste
[14:49:49] ✗ 2FA tidak muncul
[15:02:01] ✓ Password dipaste
[15:02:02] ✓ Backup codes disalin
[15:02:15] [Logger] File logging aktif: C:\Users\dits\Downloads\sigmacro\sigmacro.log
[15:02:18] [Update] Mengecek versi terbaru...
[15:02:18] [Update] Sudah versi terbaru (v2.0.0)
